\BOOKMARK [1][-]{section.1}{Pr\351sentation des outils}{}% 1
\BOOKMARK [2][-]{subsection.1.1}{Premier outil: Teensy}{section.1}% 2
\BOOKMARK [3][-]{subsubsection.1.1.1}{Pr\351sentation}{subsection.1.1}% 3
\BOOKMARK [3][-]{subsubsection.1.1.2}{Installation}{subsection.1.1}% 4
\BOOKMARK [3][-]{subsubsection.1.1.3}{Cr\351ation de payloads}{subsection.1.1}% 5
\BOOKMARK [3][-]{subsubsection.1.1.4}{Bypass Winodws Defender}{subsection.1.1}% 6
\BOOKMARK [3][-]{subsubsection.1.1.5}{Sources}{subsection.1.1}% 7
\BOOKMARK [2][-]{subsection.1.2}{Deuxi\350me outil: Git-Hound}{section.1}% 8
\BOOKMARK [3][-]{subsubsection.1.2.1}{Pr\351sentation}{subsection.1.2}% 9
\BOOKMARK [3][-]{subsubsection.1.2.2}{Installation}{subsection.1.2}% 10
\BOOKMARK [3][-]{subsubsection.1.2.3}{Exemples d'utilisation}{subsection.1.2}% 11
\BOOKMARK [3][-]{subsubsection.1.2.4}{Comment tester les cl\351s ?}{subsection.1.2}% 12
\BOOKMARK [3][-]{subsubsection.1.2.5}{Points forts/faibles}{subsection.1.2}% 13
\BOOKMARK [3][-]{subsubsection.1.2.6}{Sources}{subsection.1.2}% 14
\BOOKMARK [1][-]{section.2}{Choix de la cible et recherche d'informations}{}% 15
\BOOKMARK [2][-]{subsection.2.1}{Notre cible: entrepreneur et c\351l\351brit\351}{section.2}% 16
\BOOKMARK [2][-]{subsection.2.2}{Informations r\351colt\351es}{section.2}% 17
\BOOKMARK [3][-]{subsubsection.2.2.1}{Identit\351}{subsection.2.2}% 18
\BOOKMARK [3][-]{subsubsection.2.2.2}{Entrepreunariat}{subsection.2.2}% 19
\BOOKMARK [3][-]{subsubsection.2.2.3}{Famille}{subsection.2.2}% 20
\BOOKMARK [3][-]{subsubsection.2.2.4}{\311tudes}{subsection.2.2}% 21
\BOOKMARK [3][-]{subsubsection.2.2.5}{Autre}{subsection.2.2}% 22
\BOOKMARK [2][-]{subsection.2.3}{Utilit\351 des informations r\351colt\351es}{section.2}% 23
\BOOKMARK [1][-]{section.3}{Sc\351nario d'attaque}{}% 24
\BOOKMARK [2][-]{subsection.3.1}{Objectif de l'attaque}{section.3}% 25
\BOOKMARK [2][-]{subsection.3.2}{Support de l'attaque}{section.3}% 26
\BOOKMARK [2][-]{subsection.3.3}{Payload de l'attaque}{section.3}% 27
\BOOKMARK [1][-]{section.4}{Simulation de l'attaque}{}% 28
\BOOKMARK [2][-]{subsection.4.1}{\311tapes de l'attaque}{section.4}% 29
\BOOKMARK [2][-]{subsection.4.2}{R\351action de la victime}{section.4}% 30
\BOOKMARK [2][-]{subsection.4.3}{R\351sultats potentiellement obtenus}{section.4}% 31
